<?xml version="1.0" encoding="UTF-8"?>
<!-- Generated by org.testng.reporters.JUnitReportReporter -->
<testsuite skipped="0" hostname="LAPTOP-9MVO4FAL" name="com.Ajiotest.TestCase" tests="7" failures="0" timestamp="03 May 2021 08:33:05 GMT" time="79.112" errors="0">
  <testcase name="Ajio" time="11.551" classname="com.Ajiotest.TestCase"/>
  <testcase name="Ajio" time="12.123" classname="com.Ajiotest.TestCase"/>
  <testcase name="Ajio" time="13.803" classname="com.Ajiotest.TestCase"/>
  <testcase name="Ajio" time="7.672" classname="com.Ajiotest.TestCase"/>
  <testcase name="Ajio" time="10.943" classname="com.Ajiotest.TestCase"/>
  <testcase name="Ajio" time="12.835" classname="com.Ajiotest.TestCase"/>
  <testcase name="Ajio" time="10.185" classname="com.Ajiotest.TestCase"/>
</testsuite> <!-- com.Ajiotest.TestCase -->
