<?xml version="1.0" encoding="UTF-8"?>
<!-- Generated by org.testng.reporters.JUnitReportReporter -->
<testsuite skipped="0" hostname="LAPTOP-9MVO4FAL" name="com.Ajiotest.TestCase" tests="7" failures="0" timestamp="03 May 2021 17:33:36 GMT" time="67.974" errors="0">
  <testcase name="Ajio" time="9.381" classname="com.Ajiotest.TestCase"/>
  <testcase name="Ajio" time="7.051" classname="com.Ajiotest.TestCase"/>
  <testcase name="Ajio" time="7.199" classname="com.Ajiotest.TestCase"/>
  <testcase name="Ajio" time="10.136" classname="com.Ajiotest.TestCase"/>
  <testcase name="Ajio" time="10.445" classname="com.Ajiotest.TestCase"/>
  <testcase name="Ajio" time="10.067" classname="com.Ajiotest.TestCase"/>
  <testcase name="Ajio" time="13.695" classname="com.Ajiotest.TestCase"/>
</testsuite> <!-- com.Ajiotest.TestCase -->
